<?xml version="1.0" encoding="UTF-8"?>
<!-- Generated by org.testng.reporters.JUnitReportReporter -->
<testsuite hostname="QB-IPL-1275" name="testmethods.MessageValues" tests="1" failures="0" timestamp="26 Mar 2019 11:23:37 GMT" time="11.859" errors="0">
  <testcase name="customer_regis" time="11.859" classname="testmethods.MessageValues"/>
</testsuite> <!-- testmethods.MessageValues -->
